
> vibe-generated-app@1.0.0 dev
> vite


  VITE v5.4.20  ready in 204 ms

  ➜  Local:   http://localhost:3000/
  ➜  Network: http://172.20.14.183:3000/
8:56:34 PM [vite] Pre-transform error: Transform failed with 1 error:
/home/workspace/src/App.jsx:124:78: ERROR: Unexpected backslash in JSX element
8:56:42 PM [vite] Internal server error: Transform failed with 1 error:
/home/workspace/src/App.jsx:124:78: ERROR: Unexpected backslash in JSX element
  Plugin: vite:esbuild
  File: /home/workspace/src/App.jsx:124:78
  
  Unexpected backslash in JSX element
  122|          id="slide-8"
  123|          title="Cavendish (1798) : l’expérience décisive"
  124|          subtitle="La balance de torsion permet de mesurer G et donc de \"peser\" la Terre"
     |                                                                                ^
  125|        >
  126|          <div className="grid md:grid-cols-2 gap-8">
  
      at failureErrorWithLog (/home/workspace/node_modules/esbuild/lib/main.js:1472:15)
      at /home/workspace/node_modules/esbuild/lib/main.js:755:50
      at responseCallbacks.<computed> (/home/workspace/node_modules/esbuild/lib/main.js:622:9)
      at handleIncomingPacket (/home/workspace/node_modules/esbuild/lib/main.js:677:12)
      at Socket.readFromStdout (/home/workspace/node_modules/esbuild/lib/main.js:600:7)
      at Socket.emit (node:events:508:28)
      at addChunk (node:internal/streams/readable:559:12)
      at readableAddChunkPushByteMode (node:internal/streams/readable:510:3)
      at Readable.push (node:internal/streams/readable:390:5)
      at Pipe.onStreamRead (node:internal/stream_base_commons:189:23)
